TN:
SF:/Users/balinttoth/Development/jslibs/vue-boilerplate/src/api/index.js
FNF:0
FNH:0
DA:3,1
LF:1
LH:1
BRF:0
BRH:0
end_of_record
TN:
SF:/Users/balinttoth/Development/jslibs/vue-boilerplate/src/api/domains/index.js
FN:5,(anonymous_0)
FNF:1
FNH:1
FNDA:2,(anonymous_0)
DA:1,1
DA:3,1
DA:5,1
DA:6,2
DA:7,1
LF:5
LH:5
BRDA:6,0,0,1
BRDA:6,0,1,1
BRF:2
BRH:2
end_of_record
TN:
SF:/Users/balinttoth/Development/jslibs/vue-boilerplate/src/api/domains/domain.js
FN:4,(anonymous_0)
FN:10,(anonymous_1)
FNF:2
FNH:2
FNDA:1,(anonymous_0)
FNDA:4,(anonymous_1)
DA:5,1
DA:11,4
LF:2
LH:2
BRF:0
BRH:0
end_of_record
TN:
SF:/Users/balinttoth/Development/jslibs/vue-boilerplate/src/api/mock/index.js
FN:4,(anonymous_0)
FNF:1
FNH:1
FNDA:1,(anonymous_0)
DA:6,1
LF:1
LH:1
BRF:0
BRH:0
end_of_record
TN:
SF:/Users/balinttoth/Development/jslibs/vue-boilerplate/src/api/mock/domain-mock.js
FN:3,(anonymous_0)
FN:9,(anonymous_1)
FN:16,(anonymous_2)
FN:17,(anonymous_3)
FNF:4
FNH:4
FNDA:1,(anonymous_0)
FNDA:1,(anonymous_1)
FNDA:1,(anonymous_2)
FNDA:1,(anonymous_3)
DA:1,1
DA:3,1
DA:4,1
DA:6,1
DA:9,1
DA:10,1
DA:11,1
DA:12,1
DA:16,1
DA:17,1
LF:10
LH:10
BRDA:11,0,0,0
BRDA:11,0,1,1
BRF:2
BRH:1
end_of_record
TN:
SF:/Users/balinttoth/Development/jslibs/vue-boilerplate/src/store/modules/index.js
FN:4,(anonymous_0)
FNF:1
FNH:1
FNDA:4,(anonymous_0)
DA:1,1
DA:2,1
DA:4,1
DA:5,4
DA:6,3
LF:5
LH:5
BRDA:5,0,0,1
BRDA:5,0,1,3
BRF:2
BRH:2
end_of_record
TN:
SF:/Users/balinttoth/Development/jslibs/vue-boilerplate/src/store/modules/auth.js
FN:6,(anonymous_0)
FN:22,(anonymous_1)
FN:30,(anonymous_2)
FN:34,(anonymous_3)
FN:38,(anonymous_4)
FN:42,(anonymous_5)
FN:46,(anonymous_6)
FN:52,(anonymous_7)
FN:53,(anonymous_8)
FN:54,(anonymous_9)
FN:55,(anonymous_10)
FN:56,(anonymous_11)
FN:57,(anonymous_12)
FN:58,(anonymous_13)
FN:59,(anonymous_14)
FN:60,(anonymous_15)
FN:61,(anonymous_16)
FN:62,(anonymous_17)
FN:66,(anonymous_18)
FN:70,(anonymous_19)
FN:74,(anonymous_20)
FN:78,(anonymous_21)
FN:82,(anonymous_22)
FN:86,(anonymous_23)
FN:91,(anonymous_24)
FN:93,(anonymous_25)
FN:95,(anonymous_26)
FN:98,(anonymous_27)
FN:113,(anonymous_28)
FN:120,(anonymous_29)
FNF:30
FNH:20
FNDA:10,(anonymous_0)
FNDA:0,(anonymous_1)
FNDA:2,(anonymous_2)
FNDA:2,(anonymous_3)
FNDA:0,(anonymous_4)
FNDA:0,(anonymous_5)
FNDA:8,(anonymous_6)
FNDA:1,(anonymous_7)
FNDA:1,(anonymous_8)
FNDA:2,(anonymous_9)
FNDA:2,(anonymous_10)
FNDA:2,(anonymous_11)
FNDA:2,(anonymous_12)
FNDA:0,(anonymous_13)
FNDA:0,(anonymous_14)
FNDA:0,(anonymous_15)
FNDA:4,(anonymous_16)
FNDA:0,(anonymous_17)
FNDA:0,(anonymous_18)
FNDA:2,(anonymous_19)
FNDA:0,(anonymous_20)
FNDA:2,(anonymous_21)
FNDA:0,(anonymous_22)
FNDA:4,(anonymous_23)
FNDA:2,(anonymous_24)
FNDA:2,(anonymous_25)
FNDA:4,(anonymous_26)
FNDA:1,(anonymous_27)
FNDA:2,(anonymous_28)
FNDA:2,(anonymous_29)
DA:2,1
DA:4,1
DA:6,10
DA:21,1
DA:23,0
DA:24,0
DA:25,0
DA:26,0
DA:27,0
DA:31,2
DA:35,2
DA:39,0
DA:43,0
DA:47,8
DA:51,1
DA:52,1
DA:53,1
DA:54,2
DA:55,2
DA:56,2
DA:57,2
DA:58,0
DA:59,0
DA:60,0
DA:61,4
DA:62,0
DA:65,1
DA:67,0
DA:71,2
DA:75,0
DA:79,2
DA:83,0
DA:87,4
DA:88,4
DA:91,2
DA:93,2
DA:95,4
DA:99,1
DA:100,1
DA:101,1
DA:113,1
DA:114,2
DA:115,2
DA:117,0
DA:120,1
DA:121,2
DA:122,2
DA:123,2
LF:48
LH:33
BRDA:58,0,0,0
BRDA:58,0,1,0
BRDA:59,1,0,0
BRDA:59,1,1,0
BRDA:60,2,0,0
BRDA:60,2,1,0
BRDA:62,3,0,0
BRDA:62,3,1,0
BRDA:114,4,0,2
BRDA:114,4,1,0
BRF:10
BRH:1
end_of_record
TN:
SF:/Users/balinttoth/Development/jslibs/vue-boilerplate/src/util/validate.js
FN:1,(anonymous_0)
FNF:1
FNH:1
FNDA:8,(anonymous_0)
DA:1,1
DA:2,8
DA:3,13
DA:4,4
DA:6,4
LF:5
LH:5
BRDA:3,0,0,4
BRDA:3,0,1,9
BRF:2
BRH:2
end_of_record
TN:
SF:/Users/balinttoth/Development/jslibs/vue-boilerplate/src/store/modules/search.js
FN:3,(anonymous_0)
FN:9,(anonymous_1)
FN:15,(anonymous_2)
FN:19,(anonymous_3)
FNF:4
FNH:1
FNDA:10,(anonymous_0)
FNDA:0,(anonymous_1)
FNDA:0,(anonymous_2)
FNDA:0,(anonymous_3)
DA:1,1
DA:3,10
DA:8,1
DA:10,0
DA:14,1
DA:15,0
DA:18,1
DA:20,0
LF:8
LH:5
BRF:0
BRH:0
end_of_record
TN:
SF:/Users/balinttoth/Development/jslibs/vue-boilerplate/src/store/modules/user.js
FN:3,(anonymous_0)
FN:12,(anonymous_1)
FN:19,(anonymous_2)
FN:28,(anonymous_3)
FN:29,(anonymous_4)
FN:30,(anonymous_5)
FN:30,(anonymous_6)
FN:31,(anonymous_7)
FN:31,(anonymous_8)
FN:35,(anonymous_9)
FNF:10
FNH:6
FNDA:10,(anonymous_0)
FNDA:2,(anonymous_1)
FNDA:1,(anonymous_2)
FNDA:3,(anonymous_3)
FNDA:4,(anonymous_4)
FNDA:0,(anonymous_5)
FNDA:0,(anonymous_6)
FNDA:0,(anonymous_7)
FNDA:0,(anonymous_8)
FNDA:3,(anonymous_9)
DA:1,1
DA:3,10
DA:11,1
DA:13,2
DA:14,2
DA:15,2
DA:16,2
DA:20,1
DA:21,1
DA:22,1
DA:23,1
DA:27,1
DA:28,3
DA:29,4
DA:30,0
DA:31,0
DA:34,1
DA:36,3
DA:37,2
DA:39,1
LF:20
LH:18
BRDA:36,0,0,2
BRDA:36,0,1,1
BRF:2
BRH:2
end_of_record
TN:
SF:/Users/balinttoth/Development/jslibs/vue-boilerplate/src/util/jwt.js
FN:1,(anonymous_0)
FNF:1
FNH:1
FNDA:2,(anonymous_0)
DA:1,1
DA:2,2
DA:3,2
DA:5,1
LF:4
LH:4
BRF:0
BRH:0
end_of_record
TN:
SF:/Users/balinttoth/Development/jslibs/vue-boilerplate/src/App.vue
FN:24,(anonymous_0)
FNF:1
FNH:0
FNDA:0,(anonymous_0)
LF:0
LH:0
BRF:0
BRH:0
end_of_record
TN:
SF:/Users/balinttoth/Development/jslibs/vue-boilerplate/src/components/common/card/login-card.vue
FN:56,(anonymous_0)
FNF:1
FNH:0
FNDA:0,(anonymous_0)
DA:57,0
LF:1
LH:0
BRF:0
BRH:0
end_of_record
TN:
SF:/Users/balinttoth/Development/jslibs/vue-boilerplate/src/components/common/navbar-bottom.vue
FN:11,(anonymous_0)
FN:21,(anonymous_1)
FNF:2
FNH:0
FNDA:0,(anonymous_0)
FNDA:0,(anonymous_1)
DA:12,0
DA:22,0
LF:2
LH:0
BRF:0
BRH:0
end_of_record
TN:
SF:/Users/balinttoth/Development/jslibs/vue-boilerplate/src/components/common/navbar-top.vue
FNF:0
FNH:0
LF:0
LH:0
BRF:0
BRH:0
end_of_record
TN:
SF:/Users/balinttoth/Development/jslibs/vue-boilerplate/src/components/common/notifications/custom-notification.vue
FN:15,(anonymous_0)
FN:18,(anonymous_1)
FN:23,(anonymous_2)
FNF:3
FNH:0
FNDA:0,(anonymous_0)
FNDA:0,(anonymous_1)
FNDA:0,(anonymous_2)
DA:16,0
DA:19,0
DA:24,0
DA:25,0
LF:4
LH:0
BRDA:19,0,0,0
BRDA:19,0,1,0
BRF:2
BRH:0
end_of_record
TN:
SF:/Users/balinttoth/Development/jslibs/vue-boilerplate/src/components/common/text/input-error.vue
FNF:0
FNH:0
LF:0
LH:0
BRF:0
BRH:0
end_of_record
TN:
SF:/Users/balinttoth/Development/jslibs/vue-boilerplate/src/components/common/text/landing-message.vue
FNF:0
FNH:0
LF:0
LH:0
BRF:0
BRH:0
end_of_record
TN:
SF:/Users/balinttoth/Development/jslibs/vue-boilerplate/src/components/home-page.vue
FNF:0
FNH:0
LF:0
LH:0
BRF:0
BRH:0
end_of_record
TN:
SF:/Users/balinttoth/Development/jslibs/vue-boilerplate/src/components/login-page.vue
FNF:0
FNH:0
LF:0
LH:0
BRF:0
BRH:0
end_of_record
TN:
SF:/Users/balinttoth/Development/jslibs/vue-boilerplate/src/components/transition/fade-appear-swap.vue
FNF:0
FNH:0
LF:0
LH:0
BRF:0
BRH:0
end_of_record
TN:
SF:/Users/balinttoth/Development/jslibs/vue-boilerplate/src/components/transition/grow-appear.vue
FNF:0
FNH:0
LF:0
LH:0
BRF:0
BRH:0
end_of_record
TN:
SF:/Users/balinttoth/Development/jslibs/vue-boilerplate/src/components/transition/grow-appear-elements.vue
FN:17,(anonymous_0)
FN:21,(anonymous_1)
FN:23,(anonymous_2)
FN:31,(anonymous_3)
FN:33,(anonymous_4)
FNF:5
FNH:0
FNDA:0,(anonymous_0)
FNDA:0,(anonymous_1)
FNDA:0,(anonymous_2)
FNDA:0,(anonymous_3)
FNDA:0,(anonymous_4)
DA:18,0
DA:19,0
DA:22,0
DA:23,0
DA:24,0
DA:32,0
DA:33,0
DA:34,0
LF:8
LH:0
BRF:0
BRH:0
end_of_record
TN:
SF:/Users/balinttoth/Development/jslibs/vue-boilerplate/src/components/transition/slide-swap.vue
FNF:0
FNH:0
LF:0
LH:0
BRF:0
BRH:0
end_of_record
TN:
SF:/Users/balinttoth/Development/jslibs/vue-boilerplate/src/router/guards/attemptAuthenticate.js
FN:3,(anonymous_0)
FNF:1
FNH:0
FNDA:0,(anonymous_0)
DA:3,1
DA:4,0
DA:5,0
DA:7,0
LF:4
LH:1
BRDA:4,0,0,0
BRDA:4,0,1,0
BRF:2
BRH:0
end_of_record
TN:
SF:/Users/balinttoth/Development/jslibs/vue-boilerplate/src/store/index.js
FNF:0
FNH:0
DA:6,1
LF:1
LH:1
BRF:0
BRH:0
end_of_record
TN:
SF:/Users/balinttoth/Development/jslibs/vue-boilerplate/src/router/guards/attemptAuthorize.js
FN:4,(anonymous_0)
FN:4,(anonymous_1)
FNF:2
FNH:0
FNDA:0,(anonymous_0)
FNDA:0,(anonymous_1)
DA:4,1
DA:5,0
DA:6,0
DA:7,0
DA:9,0
LF:5
LH:1
BRDA:6,0,0,0
BRDA:6,0,1,0
BRDA:6,1,0,0
BRDA:6,1,1,0
BRF:4
BRH:0
end_of_record
TN:
SF:/Users/balinttoth/Development/jslibs/vue-boilerplate/src/router/index.js
FNF:0
FNH:0
DA:5,1
LF:1
LH:1
BRF:0
BRH:0
end_of_record
TN:
SF:/Users/balinttoth/Development/jslibs/vue-boilerplate/src/router/routes/index.js
FN:4,(anonymous_0)
FNF:1
FNH:1
FNDA:4,(anonymous_0)
DA:1,1
DA:2,1
DA:4,1
DA:5,4
DA:6,3
LF:5
LH:5
BRDA:5,0,0,1
BRDA:5,0,1,3
BRF:2
BRH:2
end_of_record
TN:
SF:/Users/balinttoth/Development/jslibs/vue-boilerplate/src/router/routes/fallback.js
FNF:0
FNH:0
LF:0
LH:0
BRF:0
BRH:0
end_of_record
TN:
SF:/Users/balinttoth/Development/jslibs/vue-boilerplate/src/router/routes/home.js
FNF:0
FNH:0
LF:0
LH:0
BRF:0
BRH:0
end_of_record
TN:
SF:/Users/balinttoth/Development/jslibs/vue-boilerplate/src/router/routes/login.js
FNF:0
FNH:0
LF:0
LH:0
BRF:0
BRH:0
end_of_record
